---- light / ericw-tools v0.18.1 ----
Raytracing backend: Embree
running with 4 threads
LoadBSPFile: 'lavalab.bsp'
BSP is version 29
--- LoadEntities ---
WARNING: brush entity with mins (125.00 -15.00 89.00) maxs (127.00 -5.00 99.00) (func_button) has targetname "door1button" which is not targetted by anything.
WARNING: entity at (1912 -2024 1076) (trigger_counter) has empty key/value "delay" ""
WARNING: brush entity with mins (2125.00 -2399.00 11) maxs (2135.00 -2397.00 11) (func_button) has targetname "final1" which is not targetted by anything.
WARNING: brush entity with mins (1477.00 -2723.00 98) maxs (1487.00 -2721.00 99) (func_button) has targetname "final2" which is not targetted by anything.
WARNING: brush entity with mins (1925.00 -2375.00 98) maxs (1935.00 -2373.00 99) (func_button) has targetname "final3" which is not targetted by anything.
WARNING: brush entity with mins (2241.00 -2739.00 94) maxs (2303.00 -2725.00 10) (func_door) has targetname "secretdoor" which is not targetted by anything.
WARNING: brush entity with mins (-199.00 -239.00 -47) maxs (127.00 127.00 -17.0) (func_door) has targetname "lava1" which is not targetted by anything.
WARNING: brush entity with mins (1897.00 -2363.00 92) maxs (1959.00 -2301.00 15) (func_plat) has empty key/value "angle" ""
82 entities read, 31 are lights.
--- OptionsSummary ---
Embree_TraceInit: Embree version: 2.15.0
Embree_TraceInit:
	0 sky faces
	5401 solid faces
	0 filtered faces
	0 shadow-casting skip faces
SetupLights: 31 initial lights
SetupLights: 31 after surface lights
SetupLights: 31 after jittering
--- EstimateLightVisibility ---
0....1....2....3....4....5....6....7....8....9...
Final count: 31 lights 0 suns in use.
--- LightWorld ---
0....1....2....3....4....5....6....7....8....9....
Lighting Completed.

lightdatasize: 77405
0 switchable light styles (32 max)
Writing lavalab.bsp as BSP version 29
0.471 seconds elapsed

stats:
0.738375 lights tested, 0.539961 hits per sample point
0.000000 bounce lights tested, 0.000000 hits per sample point
0 empty lightmaps
